Using pre-set license
Built from '2021.1/staging' branch; Version is '2021.1.18f1 (25bdc3efbc2d) revision 2473411'; Using compiler version '192528614'; Build Type 'Release'
OS: 'Windows 10 Home; OS build 19043.1237; Version 2009; 64bit' Language: 'en' Physical Memory: 32711 MB
BatchMode: 1, IsHumanControllingUs: 0, StartBugReporterOnCrash: 0, Is64bit: 1, IsPro: 0

COMMAND LINE ARGUMENTS:
D:\UnityHub\2021.1.18f1\Editor\Unity.exe
-adb2
-batchMode
-noUpm
-name
AssetImportWorker0
-projectPath
D:/hccteaching/Fall 2021/sidescroller/Andres_Suarez_SIdeScrollerProject/2d SideScroller
-logFile
Logs/AssetImportWorker0.log
-srvPort
64759
Successfully changed project path to: D:/hccteaching/Fall 2021/sidescroller/Andres_Suarez_SIdeScrollerProject/2d SideScroller
D:/hccteaching/Fall 2021/sidescroller/Andres_Suarez_SIdeScrollerProject/2d SideScroller
Using Asset Import Pipeline V2.
Refreshing native plugins compatible for Editor in 128.30 ms, found 4 plugins.
Preloading 0 native plugins for Editor in 0.00 ms.
Initialize engine version: 2021.1.18f1 (25bdc3efbc2d)
[Subsystems] Discovering subsystems at path D:/UnityHub/2021.1.18f1/Editor/Data/Resources/UnitySubsystems
[Subsystems] Discovering subsystems at path D:/hccteaching/Fall 2021/sidescroller/Andres_Suarez_SIdeScrollerProject/2d SideScroller/Assets
GfxDevice: creating device client; threaded=0; jobified=0
Direct3D:
    Version:  Direct3D 11.0 [level 11.1]
    Renderer: NVIDIA GeForce GTX 980 Ti (ID=0x17c8)
    Vendor:   NVIDIA
    VRAM:     6097 MB
    Driver:   30.0.14.7212
Initialize mono
Mono path[0] = 'D:/UnityHub/2021.1.18f1/Editor/Data/Managed'
Mono path[1] = 'D:/UnityHub/2021.1.18f1/Editor/Data/MonoBleedingEdge/lib/mono/unityjit'
Mono config path = 'D:/UnityHub/2021.1.18f1/Editor/Data/MonoBleedingEdge/etc'
Using monoOptions --debugger-agent=transport=dt_socket,embedding=1,server=y,suspend=n,address=127.0.0.1:56220
Begin MonoManager ReloadAssembly
Registering precompiled unity dll's ...
Register platform support module: D:/UnityHub/2021.1.18f1/Editor/Data/PlaybackEngines/WindowsStandaloneSupport/UnityEditor.WindowsStandalone.Extensions.dll
Registered in 0.001072 seconds.
Native extension for WindowsStandalone target not found
Refreshing native plugins compatible for Editor in 137.30 ms, found 4 plugins.
Preloading 0 native plugins for Editor in 0.00 ms.
Mono: successfully reloaded assembly
- Completed reload, in  1.808 seconds
Domain Reload Profiling:
	ReloadAssembly (1809ms)
		BeginReloadAssembly (66ms)
			ExecutionOrderSort (0ms)
			DisableScriptedObjects (0ms)
			BackupInstance (0ms)
			ReleaseScriptingObjects (0ms)
			CreateAndSetChildDomain (1ms)
		EndReloadAssembly (604ms)
			LoadAssemblies (65ms)
			RebuildTransferFunctionScriptingTraits (0ms)
			SetupTypeCache (207ms)
			ReleaseScriptCaches (0ms)
			RebuildScriptCaches (39ms)
			SetupLoadedEditorAssemblies (305ms)
				LogAssemblyErrors (0ms)
				InitializePlatformSupportModulesInManaged (7ms)
				SetLoadedEditorAssemblies (0ms)
				RefreshPlugins (137ms)
				BeforeProcessingInitializeOnLoad (2ms)
				ProcessInitializeOnLoadAttributes (122ms)
				ProcessInitializeOnLoadMethodAttributes (37ms)
				AfterProcessingInitializeOnLoad (0ms)
				EditorAssembliesLoaded (0ms)
			ExecutionOrderSort2 (0ms)
			AwakeInstancesAfterBackupRestoration (0ms)
Platform modules already initialized, skipping
Registering precompiled user dll's ...
Registered in 0.005191 seconds.
Begin MonoManager ReloadAssembly
Symbol file LoadedFromMemory doesn't match image D:\hccteaching\Fall 2021\sidescroller\Andres_Suarez_SIdeScrollerProject\2d SideScroller\Library\PackageCache\com.unity.visualscripting@1.6.1\Editor\VisualScripting.Core\Dependencies\YamlDotNet\Unity.VisualScripting.YamlDotNet.dll
Symbol file LoadedFromMemory doesn't match image D:\hccteaching\Fall 2021\sidescroller\Andres_Suarez_SIdeScrollerProject\2d SideScroller\Library\PackageCache\com.unity.visualscripting@1.6.1\Editor\VisualScripting.Core\Dependencies\DotNetZip\Unity.VisualScripting.IonicZip.dll
Native extension for WindowsStandalone target not found
Refreshing native plugins compatible for Editor in 131.10 ms, found 4 plugins.
Preloading 0 native plugins for Editor in 0.00 ms.
Mono: successfully reloaded assembly
- Completed reload, in  1.931 seconds
Domain Reload Profiling:
	ReloadAssembly (1932ms)
		BeginReloadAssembly (174ms)
			ExecutionOrderSort (0ms)
			DisableScriptedObjects (6ms)
			BackupInstance (0ms)
			ReleaseScriptingObjects (0ms)
			CreateAndSetChildDomain (24ms)
		EndReloadAssembly (1693ms)
			LoadAssemblies (110ms)
			RebuildTransferFunctionScriptingTraits (0ms)
			SetupTypeCache (451ms)
			ReleaseScriptCaches (1ms)
			RebuildScriptCaches (88ms)
			SetupLoadedEditorAssemblies (919ms)
				LogAssemblyErrors (0ms)
				InitializePlatformSupportModulesInManaged (5ms)
				SetLoadedEditorAssemblies (0ms)
				RefreshPlugins (131ms)
				BeforeProcessingInitializeOnLoad (117ms)
				ProcessInitializeOnLoadAttributes (639ms)
				ProcessInitializeOnLoadMethodAttributes (24ms)
				AfterProcessingInitializeOnLoad (3ms)
				EditorAssembliesLoaded (0ms)
			ExecutionOrderSort2 (0ms)
			AwakeInstancesAfterBackupRestoration (11ms)
Platform modules already initialized, skipping
========================================================================
Worker process is ready to serve import requests
Launched and connected shader compiler UnityShaderCompiler.exe after 0.07 seconds
Refreshing native plugins compatible for Editor in 1.75 ms, found 4 plugins.
Preloading 0 native plugins for Editor in 0.00 ms.
Unloading 4284 Unused Serialized files (Serialized files now loaded: 0)
System memory in use before: 166.4 MB.
System memory in use after: 166.7 MB.

Unloading 174 unused Assets to reduce memory usage. Loaded Objects now: 4631.
Total: 8.500600 ms (FindLiveObjects: 0.500800 ms CreateObjectMapping: 0.333100 ms MarkObjects: 6.674900 ms  DeleteObjects: 0.989700 ms)

AssetImportParameters requested are different than current active one (requested -> active):
  custom:framework-win-MediaFoundation: 216162199b28c13a410421893ffa2e32 -> 
  custom:video-decoder-ogg-theora: a1e56fd34408186e4bbccfd4996cb3dc -> 
  custom:container-muxer-webm: aa71ff27fc2769a1b78a27578f13a17b -> 
  custom:container-demuxer-webm: 4f35f7cbe854078d1ac9338744f61a02 -> 
  custom:container-demuxer-ogg: 62fdf1f143b41e24485cea50d1cbac27 -> 
  custom:video-encoder-webm-vp8: eb34c28f22e8b96e1ab97ce403110664 -> 
  custom:video-codec-MediaFoundation-h265: 746d11721c4dcdbdad8f713fa42b33f4 -> 
  custom:video-decoder-webm-vp8: 9c59270c3fd7afecdb556c50c9e8de78 -> 
  custom:audio-decoder-ogg-vorbis: bf7c407c2cedff20999df2af8eb42d56 -> 
  custom:audio-encoder-webm-vorbis: bf7c407c2cedff20999df2af8eb42d56 -> 
========================================================================
Received Import Request.
  path: Assets/Scenes
  artifactKey: Guid(131a6b21c8605f84396be9f6751fb6e3) Importer(815301076,1909f56bfc062723c751e8b465ee728b)
Start importing Assets/Scenes using Guid(131a6b21c8605f84396be9f6751fb6e3) Importer(815301076,1909f56bfc062723c751e8b465ee728b)  -> (artifact id: 'df75b7d1a31c5b4f73fd45661b403b04') in 0.018572 seconds 
========================================================================
Received Import Request.
  Time since last request: 0.000348 seconds.
  path: Assets/Scenes/SampleScene.unity
  artifactKey: Guid(2cda990e2423bbf4892e6590ba056729) Importer(815301076,1909f56bfc062723c751e8b465ee728b)
Start importing Assets/Scenes/SampleScene.unity using Guid(2cda990e2423bbf4892e6590ba056729) Importer(815301076,1909f56bfc062723c751e8b465ee728b)  -> (artifact id: '27153ba998331b0d91b0800eee3727a2') in 0.025606 seconds 
========================================================================
Received Import Request.
  Time since last request: 19.993212 seconds.
  path: Assets/Tutorials/PlatformerIcon.png
  artifactKey: Guid(f792378c1b6aa4c3c95bb1c9e55cd7d7) Importer(815301076,1909f56bfc062723c751e8b465ee728b)
Start importing Assets/Tutorials/PlatformerIcon.png using Guid(f792378c1b6aa4c3c95bb1c9e55cd7d7) Importer(815301076,1909f56bfc062723c751e8b465ee728b)  -> (artifact id: 'd96bd30b8c31e9b84afb7ef89d070e4c') in 0.149860 seconds 
========================================================================
Received Import Request.
  Time since last request: 0.000295 seconds.
  path: Assets/Tutorials/Pop.aiff
  artifactKey: Guid(93fbb109633e844259ea828442bda0cb) Importer(815301076,1909f56bfc062723c751e8b465ee728b)
Start importing Assets/Tutorials/Pop.aiff using Guid(93fbb109633e844259ea828442bda0cb) Importer(815301076,1909f56bfc062723c751e8b465ee728b)  -> (artifact id: '5184a92685ddf130f20649ea5105a660') in 0.037518 seconds 
========================================================================
Received Import Request.
  Time since last request: 0.010790 seconds.
  path: Assets/Tutorials/Tutorial Project Settings.asset
  artifactKey: Guid(82ccda3adf0ba49e1ba86e30edff0cc5) Importer(815301076,1909f56bfc062723c751e8b465ee728b)
Start importing Assets/Tutorials/Tutorial Project Settings.asset using Guid(82ccda3adf0ba49e1ba86e30edff0cc5) Importer(815301076,1909f56bfc062723c751e8b465ee728b)  -> (artifact id: '730ddb0d736c7f9fc616159933d93b0d') in 0.142487 seconds 
========================================================================
Received Import Request.
  Time since last request: 0.000219 seconds.
  path: Assets/Tutorials/Tutorials.asset
  artifactKey: Guid(977fb762f450240fd9006b8153a0f534) Importer(815301076,1909f56bfc062723c751e8b465ee728b)
Start importing Assets/Tutorials/Tutorials.asset using Guid(977fb762f450240fd9006b8153a0f534) Importer(815301076,1909f56bfc062723c751e8b465ee728b)  -> (artifact id: 'f8bf05e2b7171e59509e8dda52512859') in 0.140366 seconds 
========================================================================
Received Import Request.
  Time since last request: 0.000222 seconds.
  path: Assets/Tutorials/TutorialHeader.png
  artifactKey: Guid(5384282a0273144fa9333beb77183cb4) Importer(815301076,1909f56bfc062723c751e8b465ee728b)
Start importing Assets/Tutorials/TutorialHeader.png using Guid(5384282a0273144fa9333beb77183cb4) Importer(815301076,1909f56bfc062723c751e8b465ee728b)  -> (artifact id: '2529cb93e367dfeebac81723afbd6320') in 0.011992 seconds 
========================================================================
Received Import Request.
  Time since last request: 0.000316 seconds.
  path: Assets/Tutorials/WelcomeDialog.asset
  artifactKey: Guid(c4fddd74b608848c6871b3b0f762ff1d) Importer(815301076,1909f56bfc062723c751e8b465ee728b)
Start importing Assets/Tutorials/WelcomeDialog.asset using Guid(c4fddd74b608848c6871b3b0f762ff1d) Importer(815301076,1909f56bfc062723c751e8b465ee728b)  -> (artifact id: '07b8c0f9be3e0878d46096a6c5e34ec2') in 0.007523 seconds 
========================================================================
Received Import Request.
  Time since last request: 0.000283 seconds.
  path: Assets/Tutorials/WelcomeDialogArt.png
  artifactKey: Guid(4c7cbe18ed8044725bafa532fbd5ec8e) Importer(815301076,1909f56bfc062723c751e8b465ee728b)
Start importing Assets/Tutorials/WelcomeDialogArt.png using Guid(4c7cbe18ed8044725bafa532fbd5ec8e) Importer(815301076,1909f56bfc062723c751e8b465ee728b)  -> (artifact id: '2c5d9f858cde75eb16afa9411d04916f') in 0.017270 seconds 
========================================================================
Received Import Request.
  Time since last request: 0.252016 seconds.
  path: Assets/Tiles/cloud.asset
  artifactKey: Guid(216e1d3fb32f7bc48a7a754adcfca76f) Importer(815301076,1909f56bfc062723c751e8b465ee728b)
Start importing Assets/Tiles/cloud.asset using Guid(216e1d3fb32f7bc48a7a754adcfca76f) Importer(815301076,1909f56bfc062723c751e8b465ee728b)  -> (artifact id: '07966830e5365dad33ddd15e088b46c9') in 0.023916 seconds 
========================================================================
Received Import Request.
  Time since last request: 0.000307 seconds.
  path: Assets/Tiles/plant.asset
  artifactKey: Guid(ca038d30e63673a458203d4a31573d95) Importer(815301076,1909f56bfc062723c751e8b465ee728b)
Start importing Assets/Tiles/plant.asset using Guid(ca038d30e63673a458203d4a31573d95) Importer(815301076,1909f56bfc062723c751e8b465ee728b)  -> (artifact id: 'a49538a888f5c9dd628c144f556a0a62') in 0.012717 seconds 
========================================================================
Received Import Request.
  Time since last request: 0.000294 seconds.
  path: Assets/Tiles/TileGround.asset
  artifactKey: Guid(346d40452471dc54ba12d6c7e67a1920) Importer(815301076,1909f56bfc062723c751e8b465ee728b)
Start importing Assets/Tiles/TileGround.asset using Guid(346d40452471dc54ba12d6c7e67a1920) Importer(815301076,1909f56bfc062723c751e8b465ee728b)  -> (artifact id: '85c5f28138c62bae0e83f0184efa7504') in 0.014161 seconds 
========================================================================
Received Import Request.
  Time since last request: 0.000286 seconds.
  path: Assets/Tiles/tree.asset
  artifactKey: Guid(425a6ca6169e0e14ba0dd745b3d35cb2) Importer(815301076,1909f56bfc062723c751e8b465ee728b)
Start importing Assets/Tiles/tree.asset using Guid(425a6ca6169e0e14ba0dd745b3d35cb2) Importer(815301076,1909f56bfc062723c751e8b465ee728b)  -> (artifact id: 'dac41a1b321908455f699a5ddc316644') in 0.013826 seconds 
========================================================================
Received Import Request.
  Time since last request: 0.000284 seconds.
  path: Assets/Tiles/mountains.asset
  artifactKey: Guid(17d8f745a300ff948ac10cceb364a2dc) Importer(815301076,1909f56bfc062723c751e8b465ee728b)
Start importing Assets/Tiles/mountains.asset using Guid(17d8f745a300ff948ac10cceb364a2dc) Importer(815301076,1909f56bfc062723c751e8b465ee728b)  -> (artifact id: '4f1f5d48dcd5da8c419257eacbdaa8d0') in 0.016917 seconds 
========================================================================
Received Import Request.
  Time since last request: 0.000228 seconds.
  path: Assets/Tiles/TileGroundTop.asset
  artifactKey: Guid(00c0f6fa8d57f7949864cfd4ba00f858) Importer(815301076,1909f56bfc062723c751e8b465ee728b)
Start importing Assets/Tiles/TileGroundTop.asset using Guid(00c0f6fa8d57f7949864cfd4ba00f858) Importer(815301076,1909f56bfc062723c751e8b465ee728b)  -> (artifact id: 'ba0a7251298e3c38a0e6bfbb22d1b343') in 0.011805 seconds 
========================================================================
Received Import Request.
  Time since last request: 0.000190 seconds.
  path: Assets/Tiles/TileFloatingLeftEdge.asset
  artifactKey: Guid(8ffc15ca897ef94428428a26ead7bd6d) Importer(815301076,1909f56bfc062723c751e8b465ee728b)
Start importing Assets/Tiles/TileFloatingLeftEdge.asset using Guid(8ffc15ca897ef94428428a26ead7bd6d) Importer(815301076,1909f56bfc062723c751e8b465ee728b)  -> (artifact id: '01eb1ce3953408fac90da47c48e7fea7') in 0.011726 seconds 
========================================================================
Received Import Request.
  Time since last request: 0.000225 seconds.
  path: Assets/Tiles/fence.asset
  artifactKey: Guid(bb5d933e6627d374c8b68f8c7c95d5c4) Importer(815301076,1909f56bfc062723c751e8b465ee728b)
Start importing Assets/Tiles/fence.asset using Guid(bb5d933e6627d374c8b68f8c7c95d5c4) Importer(815301076,1909f56bfc062723c751e8b465ee728b)  -> (artifact id: 'a3c8b5432428b5cddba585b64f46c652') in 0.010198 seconds 
========================================================================
Received Import Request.
  Time since last request: 0.000264 seconds.
  path: Assets/Tiles/TallBuilding.asset
  artifactKey: Guid(49ad221d69f75804d98336ca8956e57e) Importer(815301076,1909f56bfc062723c751e8b465ee728b)
Start importing Assets/Tiles/TallBuilding.asset using Guid(49ad221d69f75804d98336ca8956e57e) Importer(815301076,1909f56bfc062723c751e8b465ee728b)  -> (artifact id: '0faff08c88c3f9de5f82806523184a71') in 0.012741 seconds 
========================================================================
Received Import Request.
  Time since last request: 0.000242 seconds.
  path: Assets/Tiles/MidgroundFiller.asset
  artifactKey: Guid(8187bea14c4d7c849b76ae65d8bd9782) Importer(815301076,1909f56bfc062723c751e8b465ee728b)
Start importing Assets/Tiles/MidgroundFiller.asset using Guid(8187bea14c4d7c849b76ae65d8bd9782) Importer(815301076,1909f56bfc062723c751e8b465ee728b)  -> (artifact id: '48bf9645f12cfa8da6b0c80b14e0a6f2') in 0.012245 seconds 
========================================================================
Received Import Request.
  Time since last request: 0.000263 seconds.
  path: Assets/Tiles/TileFloatingRightEdge.asset
  artifactKey: Guid(ad89c8596ddf81949990df9a40c0168a) Importer(815301076,1909f56bfc062723c751e8b465ee728b)
Start importing Assets/Tiles/TileFloatingRightEdge.asset using Guid(ad89c8596ddf81949990df9a40c0168a) Importer(815301076,1909f56bfc062723c751e8b465ee728b)  -> (artifact id: 'e9405feba2014b8f554b99782226ed5a') in 0.011835 seconds 
========================================================================
Received Import Request.
  Time since last request: 0.000213 seconds.
  path: Assets/Tiles/TileGroundDark.asset
  artifactKey: Guid(81d566c374d6f93469d3badfddb41f87) Importer(815301076,1909f56bfc062723c751e8b465ee728b)
Start importing Assets/Tiles/TileGroundDark.asset using Guid(81d566c374d6f93469d3badfddb41f87) Importer(815301076,1909f56bfc062723c751e8b465ee728b)  -> (artifact id: 'eb1f4ee5e17acbf1bf6fb2739948af83') in 0.014824 seconds 
========================================================================
Received Import Request.
  Time since last request: 0.000265 seconds.
  path: Assets/Tiles/midground.asset
  artifactKey: Guid(5b1ed690790872f45abca6cc98ea40b3) Importer(815301076,1909f56bfc062723c751e8b465ee728b)
Start importing Assets/Tiles/midground.asset using Guid(5b1ed690790872f45abca6cc98ea40b3) Importer(815301076,1909f56bfc062723c751e8b465ee728b)  -> (artifact id: '2a2ed4647b09c2d027c28ed6efc0ed97') in 0.015484 seconds 
========================================================================
Received Import Request.
  Time since last request: 0.000263 seconds.
  path: Assets/Tiles/ShortBuilding.asset
  artifactKey: Guid(102dda6d7e3be4644bea1fdfea2d37d4) Importer(815301076,1909f56bfc062723c751e8b465ee728b)
Start importing Assets/Tiles/ShortBuilding.asset using Guid(102dda6d7e3be4644bea1fdfea2d37d4) Importer(815301076,1909f56bfc062723c751e8b465ee728b)  -> (artifact id: '60a4b839d79b3c5d80e0780b265ac00f') in 0.014644 seconds 
========================================================================
Received Import Request.
  Time since last request: 0.000278 seconds.
  path: Assets/Tiles/house.asset
  artifactKey: Guid(68c5f18a4f480364ea8365252912ecee) Importer(815301076,1909f56bfc062723c751e8b465ee728b)
Start importing Assets/Tiles/house.asset using Guid(68c5f18a4f480364ea8365252912ecee) Importer(815301076,1909f56bfc062723c751e8b465ee728b)  -> (artifact id: '571a19b4b5f59774c338fb50853b906c') in 0.015111 seconds 
========================================================================
Received Import Request.
  Time since last request: 0.000240 seconds.
  path: Assets/Tiles/hillside.asset
  artifactKey: Guid(7ce6d6745a4a31040b413bb8d4f7f6e7) Importer(815301076,1909f56bfc062723c751e8b465ee728b)
Start importing Assets/Tiles/hillside.asset using Guid(7ce6d6745a4a31040b413bb8d4f7f6e7) Importer(815301076,1909f56bfc062723c751e8b465ee728b)  -> (artifact id: '031f3202fb93c96e95b4e714229301df') in 0.012502 seconds 
========================================================================
Received Import Request.
  Time since last request: 0.000221 seconds.
  path: Assets/Tiles/TileFloatingTileMiddle.asset
  artifactKey: Guid(fcbf1d913bd6d0a448fa221caa416d43) Importer(815301076,1909f56bfc062723c751e8b465ee728b)
Start importing Assets/Tiles/TileFloatingTileMiddle.asset using Guid(fcbf1d913bd6d0a448fa221caa416d43) Importer(815301076,1909f56bfc062723c751e8b465ee728b)  -> (artifact id: '2fcdfe98a2e8c23d037a45f3e7823190') in 0.012037 seconds 
========================================================================
Received Import Request.
  Time since last request: 360.588669 seconds.
  path: Assets/Tiles
  artifactKey: Guid(984d5fbd0bda8b146921966510c603fe) Importer(815301076,1909f56bfc062723c751e8b465ee728b)
Start importing Assets/Tiles using Guid(984d5fbd0bda8b146921966510c603fe) Importer(815301076,1909f56bfc062723c751e8b465ee728b)  -> (artifact id: '44d5833b12934f222d6de2f5e00adf3d') in 0.009139 seconds 
========================================================================
Received Prepare
Registering precompiled user dll's ...
Registered in 0.006541 seconds.
Begin MonoManager ReloadAssembly
Symbol file LoadedFromMemory doesn't match image D:\hccteaching\Fall 2021\sidescroller\Andres_Suarez_SIdeScrollerProject\2d SideScroller\Library\PackageCache\com.unity.visualscripting@1.6.1\Editor\VisualScripting.Core\Dependencies\YamlDotNet\Unity.VisualScripting.YamlDotNet.dll
Symbol file LoadedFromMemory doesn't match image D:\hccteaching\Fall 2021\sidescroller\Andres_Suarez_SIdeScrollerProject\2d SideScroller\Library\PackageCache\com.unity.visualscripting@1.6.1\Editor\VisualScripting.Core\Dependencies\DotNetZip\Unity.VisualScripting.IonicZip.dll
Native extension for WindowsStandalone target not found
Refreshing native plugins compatible for Editor in 1.14 ms, found 4 plugins.
Preloading 0 native plugins for Editor in 0.00 ms.
Mono: successfully reloaded assembly
- Completed reload, in  2.020 seconds
Domain Reload Profiling:
	ReloadAssembly (2020ms)
		BeginReloadAssembly (189ms)
			ExecutionOrderSort (0ms)
			DisableScriptedObjects (10ms)
			BackupInstance (0ms)
			ReleaseScriptingObjects (0ms)
			CreateAndSetChildDomain (68ms)
		EndReloadAssembly (1750ms)
			LoadAssemblies (135ms)
			RebuildTransferFunctionScriptingTraits (0ms)
			SetupTypeCache (542ms)
			ReleaseScriptCaches (2ms)
			RebuildScriptCaches (80ms)
			SetupLoadedEditorAssemblies (844ms)
				LogAssemblyErrors (0ms)
				InitializePlatformSupportModulesInManaged (9ms)
				SetLoadedEditorAssemblies (1ms)
				RefreshPlugins (1ms)
				BeforeProcessingInitializeOnLoad (106ms)
				ProcessInitializeOnLoadAttributes (713ms)
				ProcessInitializeOnLoadMethodAttributes (12ms)
				AfterProcessingInitializeOnLoad (3ms)
				EditorAssembliesLoaded (0ms)
			ExecutionOrderSort2 (0ms)
			AwakeInstancesAfterBackupRestoration (22ms)
Platform modules already initialized, skipping
Refreshing native plugins compatible for Editor in 1.09 ms, found 4 plugins.
Preloading 0 native plugins for Editor in 0.00 ms.
Unloading 4234 Unused Serialized files (Serialized files now loaded: 0)
System memory in use before: 169.9 MB.
System memory in use after: 170.1 MB.

Unloading 161 unused Assets to reduce memory usage. Loaded Objects now: 4707.
Total: 5.707600 ms (FindLiveObjects: 0.363900 ms CreateObjectMapping: 0.223300 ms MarkObjects: 4.635800 ms  DeleteObjects: 0.483400 ms)

AssetImportParameters requested are different than current active one (requested -> active):
  custom:framework-win-MediaFoundation: 216162199b28c13a410421893ffa2e32 -> 
  custom:video-decoder-ogg-theora: a1e56fd34408186e4bbccfd4996cb3dc -> 
  custom:container-muxer-webm: aa71ff27fc2769a1b78a27578f13a17b -> 
  custom:container-demuxer-webm: 4f35f7cbe854078d1ac9338744f61a02 -> 
  custom:container-demuxer-ogg: 62fdf1f143b41e24485cea50d1cbac27 -> 
  custom:video-encoder-webm-vp8: eb34c28f22e8b96e1ab97ce403110664 -> 
  custom:video-codec-MediaFoundation-h265: 746d11721c4dcdbdad8f713fa42b33f4 -> 
  custom:video-decoder-webm-vp8: 9c59270c3fd7afecdb556c50c9e8de78 -> 
  custom:audio-decoder-ogg-vorbis: bf7c407c2cedff20999df2af8eb42d56 -> 
  custom:audio-encoder-webm-vorbis: bf7c407c2cedff20999df2af8eb42d56 -> 
========================================================================
Received Import Request.
  Time since last request: 48.304650 seconds.
  path: Assets/Mod Assets/2D Props/Nature
  artifactKey: Guid(a90eecaf9e1d99647b4dcffc2d5bfded) Importer(815301076,1909f56bfc062723c751e8b465ee728b)
Start importing Assets/Mod Assets/2D Props/Nature using Guid(a90eecaf9e1d99647b4dcffc2d5bfded) Importer(815301076,1909f56bfc062723c751e8b465ee728b)  -> (artifact id: '0c99b0ce1d4721982f8256fc57482c9c') in 0.016146 seconds 
========================================================================
Received Import Request.
  Time since last request: 0.051737 seconds.
  path: Assets/Mod Assets/2D Props/Nature/Cactus.prefab
  artifactKey: Guid(49056c16ab63e6e44a3b6e4a5479e072) Importer(815301076,1909f56bfc062723c751e8b465ee728b)
Start importing Assets/Mod Assets/2D Props/Nature/Cactus.prefab using Guid(49056c16ab63e6e44a3b6e4a5479e072) Importer(815301076,1909f56bfc062723c751e8b465ee728b)  -> (artifact id: 'c866743d9212d37edb705897c01149fc') in 0.163410 seconds 
========================================================================
Received Import Request.
  Time since last request: 0.000289 seconds.
  path: Assets/Mod Assets/2D Props/Nature/TreeStump.prefab
  artifactKey: Guid(e4f490fdd0c395444b274a385ba70b91) Importer(815301076,1909f56bfc062723c751e8b465ee728b)
Start importing Assets/Mod Assets/2D Props/Nature/TreeStump.prefab using Guid(e4f490fdd0c395444b274a385ba70b91) Importer(815301076,1909f56bfc062723c751e8b465ee728b)  -> (artifact id: '29ee33a43d210a2834715844333a22ec') in 0.030493 seconds 
========================================================================
Received Import Request.
  Time since last request: 0.000361 seconds.
  path: Assets/Mod Assets/2D Props/Nature/ChoppedTree.prefab
  artifactKey: Guid(dcc7f4eaccb6cb848835f97acab5b112) Importer(815301076,1909f56bfc062723c751e8b465ee728b)
Start importing Assets/Mod Assets/2D Props/Nature/ChoppedTree.prefab using Guid(dcc7f4eaccb6cb848835f97acab5b112) Importer(815301076,1909f56bfc062723c751e8b465ee728b)  -> (artifact id: '6edc65631a8a50ca9ccc21f901b202bf') in 0.037284 seconds 
========================================================================
Received Import Request.
  Time since last request: 0.000315 seconds.
  path: Assets/Mod Assets/2D Props/Nature/PalmTree.prefab
  artifactKey: Guid(beaacbd322178c84fb479b50ad085ebe) Importer(815301076,1909f56bfc062723c751e8b465ee728b)
Start importing Assets/Mod Assets/2D Props/Nature/PalmTree.prefab using Guid(beaacbd322178c84fb479b50ad085ebe) Importer(815301076,1909f56bfc062723c751e8b465ee728b)  -> (artifact id: '5da5c680e7e3f06d5416d885690d0f69') in 0.042451 seconds 
========================================================================
Received Import Request.
  Time since last request: 0.000313 seconds.
  path: Assets/Mod Assets/2D Props/Nature/FirTree.prefab
  artifactKey: Guid(311a2f28e16c3fb4e964240be44c83b9) Importer(815301076,1909f56bfc062723c751e8b465ee728b)
Start importing Assets/Mod Assets/2D Props/Nature/FirTree.prefab using Guid(311a2f28e16c3fb4e964240be44c83b9) Importer(815301076,1909f56bfc062723c751e8b465ee728b)  -> (artifact id: 'a94134ce50bb8607e3ba1e0547c6b3e8') in 0.036385 seconds 
========================================================================
Received Import Request.
  Time since last request: 12.534620 seconds.
  path: Assets/Environment/Tiles
  artifactKey: Guid(4474b62c0bbd34bd1898f71040df4119) Importer(815301076,1909f56bfc062723c751e8b465ee728b)
Start importing Assets/Environment/Tiles using Guid(4474b62c0bbd34bd1898f71040df4119) Importer(815301076,1909f56bfc062723c751e8b465ee728b)  -> (artifact id: '9524b5cca117372cd9382aa1140c701b') in 0.002629 seconds 
========================================================================
Received Import Request.
  Time since last request: 0.071684 seconds.
  path: Assets/Environment/Tiles/fence.png
  artifactKey: Guid(1d6ac65bd350c4ac98b48f1045728a88) Importer(815301076,1909f56bfc062723c751e8b465ee728b)
Start importing Assets/Environment/Tiles/fence.png using Guid(1d6ac65bd350c4ac98b48f1045728a88) Importer(815301076,1909f56bfc062723c751e8b465ee728b)  -> (artifact id: '7fa62e6e010b05a34866ba7adaa0fa1f') in 0.068886 seconds 
========================================================================
Received Import Request.
  Time since last request: 0.000310 seconds.
  path: Assets/Environment/Tiles/TileFloatingLeftEdge.png
  artifactKey: Guid(4fe24818a6b2541629cad3038853d908) Importer(815301076,1909f56bfc062723c751e8b465ee728b)
Start importing Assets/Environment/Tiles/TileFloatingLeftEdge.png using Guid(4fe24818a6b2541629cad3038853d908) Importer(815301076,1909f56bfc062723c751e8b465ee728b)  -> (artifact id: 'dc832bdd413a16eaa1dccbf96354568b') in 0.030929 seconds 
========================================================================
Received Import Request.
  Time since last request: 0.000263 seconds.
  path: Assets/Environment/Tiles/house.png
  artifactKey: Guid(8021a483bbfee4494bb11f0cf1bb90bf) Importer(815301076,1909f56bfc062723c751e8b465ee728b)
Start importing Assets/Environment/Tiles/house.png using Guid(8021a483bbfee4494bb11f0cf1bb90bf) Importer(815301076,1909f56bfc062723c751e8b465ee728b)  -> (artifact id: 'f6259d23f7a9de7f7f10e04735756859') in 0.043920 seconds 
========================================================================
Received Import Request.
  Time since last request: 0.000291 seconds.
  path: Assets/Environment/Tiles/tree.png
  artifactKey: Guid(bc567a15625ed46c78d8c3653d3d446c) Importer(815301076,1909f56bfc062723c751e8b465ee728b)
Start importing Assets/Environment/Tiles/tree.png using Guid(bc567a15625ed46c78d8c3653d3d446c) Importer(815301076,1909f56bfc062723c751e8b465ee728b)  -> (artifact id: 'ac864e5d1c871578649be024d17f2a4a') in 0.035149 seconds 
========================================================================
Received Import Request.
  Time since last request: 0.000250 seconds.
  path: Assets/Environment/Tiles/TileGroundTop.png
  artifactKey: Guid(db5ae4c60c2264eb88d32cdb06e1f858) Importer(815301076,1909f56bfc062723c751e8b465ee728b)
Start importing Assets/Environment/Tiles/TileGroundTop.png using Guid(db5ae4c60c2264eb88d32cdb06e1f858) Importer(815301076,1909f56bfc062723c751e8b465ee728b)  -> (artifact id: '586d44e16148dfac270ee2b96debb72d') in 0.035696 seconds 
========================================================================
Received Import Request.
  Time since last request: 0.000232 seconds.
  path: Assets/Environment/Tiles/midground.png
  artifactKey: Guid(dfe8cc17c5361498c90aec6087a4ccc0) Importer(815301076,1909f56bfc062723c751e8b465ee728b)
Start importing Assets/Environment/Tiles/midground.png using Guid(dfe8cc17c5361498c90aec6087a4ccc0) Importer(815301076,1909f56bfc062723c751e8b465ee728b)  -> (artifact id: '6eac33d3b34816b042b793472992d59e') in 0.065301 seconds 
========================================================================
Received Import Request.
  Time since last request: 0.000253 seconds.
  path: Assets/Environment/Tiles/mountains.png
  artifactKey: Guid(fec4d86a327db4cd3b224f893cf7b1a3) Importer(815301076,1909f56bfc062723c751e8b465ee728b)
Start importing Assets/Environment/Tiles/mountains.png using Guid(fec4d86a327db4cd3b224f893cf7b1a3) Importer(815301076,1909f56bfc062723c751e8b465ee728b)  -> (artifact id: '64004229cebe33d8814b44c78565b2a5') in 0.046042 seconds 
========================================================================
Received Import Request.
  Time since last request: 0.000262 seconds.
  path: Assets/Environment/Tiles/TallBuilding.png
  artifactKey: Guid(463f5cb78d0a54b0c9ccc094f0e51d48) Importer(815301076,1909f56bfc062723c751e8b465ee728b)
Start importing Assets/Environment/Tiles/TallBuilding.png using Guid(463f5cb78d0a54b0c9ccc094f0e51d48) Importer(815301076,1909f56bfc062723c751e8b465ee728b)  -> (artifact id: '866d40140144620381870892b3a7fd9c') in 0.038113 seconds 
========================================================================
Received Import Request.
  Time since last request: 0.000256 seconds.
  path: Assets/Environment/Tiles/TileGround.png
  artifactKey: Guid(4dd86eb519e244138a3c3980624ddb4f) Importer(815301076,1909f56bfc062723c751e8b465ee728b)
Start importing Assets/Environment/Tiles/TileGround.png using Guid(4dd86eb519e244138a3c3980624ddb4f) Importer(815301076,1909f56bfc062723c751e8b465ee728b)  -> (artifact id: 'ed36436708160ed660ea2bd76538a44a') in 0.029784 seconds 
========================================================================
Received Import Request.
  Time since last request: 0.000244 seconds.
  path: Assets/Environment/Tiles/TileFloatingMiddle.png
  artifactKey: Guid(622f546155da24743a8fd7300873f890) Importer(815301076,1909f56bfc062723c751e8b465ee728b)
Start importing Assets/Environment/Tiles/TileFloatingMiddle.png using Guid(622f546155da24743a8fd7300873f890) Importer(815301076,1909f56bfc062723c751e8b465ee728b)  -> (artifact id: 'b1931cc34a3eaaecc20d05b5b8a3a8a5') in 0.025727 seconds 
========================================================================
Received Import Request.
  Time since last request: 0.000244 seconds.
  path: Assets/Environment/Tiles/ShortBuilding.png
  artifactKey: Guid(3ffe88646fa814b14af9bbff9faff3f2) Importer(815301076,1909f56bfc062723c751e8b465ee728b)
Start importing Assets/Environment/Tiles/ShortBuilding.png using Guid(3ffe88646fa814b14af9bbff9faff3f2) Importer(815301076,1909f56bfc062723c751e8b465ee728b)  -> (artifact id: '83ab65638c6ff99a3e47b2f7354b099d') in 0.040592 seconds 
========================================================================
Received Import Request.
  Time since last request: 0.000271 seconds.
  path: Assets/Environment/Tiles/plant.png
  artifactKey: Guid(e08c42706db6e44aca973ecf98f3e0b3) Importer(815301076,1909f56bfc062723c751e8b465ee728b)
Start importing Assets/Environment/Tiles/plant.png using Guid(e08c42706db6e44aca973ecf98f3e0b3) Importer(815301076,1909f56bfc062723c751e8b465ee728b)  -> (artifact id: '661036425057fd076321980465e9922e') in 0.040005 seconds 
========================================================================
Received Import Request.
  Time since last request: 0.000240 seconds.
  path: Assets/Environment/Tiles/TileFloatingRightEdge.png
  artifactKey: Guid(e24334b602b4d401a8b95a58dbac51f7) Importer(815301076,1909f56bfc062723c751e8b465ee728b)
Start importing Assets/Environment/Tiles/TileFloatingRightEdge.png using Guid(e24334b602b4d401a8b95a58dbac51f7) Importer(815301076,1909f56bfc062723c751e8b465ee728b)  -> (artifact id: 'cb26bade126ee7804650332fd0a494c7') in 0.030268 seconds 
========================================================================
Received Import Request.
  Time since last request: 48.204880 seconds.
  path: Assets/Mod Assets
  artifactKey: Guid(ee50f83a49cf94758ae8629f74ea80b3) Importer(815301076,1909f56bfc062723c751e8b465ee728b)
Start importing Assets/Mod Assets using Guid(ee50f83a49cf94758ae8629f74ea80b3) Importer(815301076,1909f56bfc062723c751e8b465ee728b)  -> (artifact id: 'd37f1ef5a2def92941613236cfb25938') in 0.007316 seconds 
========================================================================
Received Import Request.
  Time since last request: 2.144272 seconds.
  path: Assets/Mod Assets/2D Props
  artifactKey: Guid(fa3ae5aca08064ed88706b449b8c4547) Importer(815301076,1909f56bfc062723c751e8b465ee728b)
Start importing Assets/Mod Assets/2D Props using Guid(fa3ae5aca08064ed88706b449b8c4547) Importer(815301076,1909f56bfc062723c751e8b465ee728b)  -> (artifact id: '4d5484cd7dfd6b125ff8c0cd1bdfd714') in 0.007252 seconds 
========================================================================
Received Import Request.
  Time since last request: 1.302415 seconds.
  path: Assets/Mod Assets/2D Props/Ancient
  artifactKey: Guid(16d52f2c55217ef44938a256b5504598) Importer(815301076,1909f56bfc062723c751e8b465ee728b)
Start importing Assets/Mod Assets/2D Props/Ancient using Guid(16d52f2c55217ef44938a256b5504598) Importer(815301076,1909f56bfc062723c751e8b465ee728b)  -> (artifact id: '03870b8322d8e1087a219894c37988b1') in 0.007830 seconds 
========================================================================
Received Import Request.
  Time since last request: 0.086471 seconds.
  path: Assets/Mod Assets/2D Props/Ancient/Archway.prefab
  artifactKey: Guid(fe1f716c6b4cd4e4ba34d9c94101a9cd) Importer(815301076,1909f56bfc062723c751e8b465ee728b)
Start importing Assets/Mod Assets/2D Props/Ancient/Archway.prefab using Guid(fe1f716c6b4cd4e4ba34d9c94101a9cd) Importer(815301076,1909f56bfc062723c751e8b465ee728b)  -> (artifact id: 'c8ea6719d87e3bc361333640a273376c') in 0.043333 seconds 
========================================================================
Received Import Request.
  Time since last request: 0.000203 seconds.
  path: Assets/Mod Assets/2D Props/Ancient/MoaiHead.prefab
  artifactKey: Guid(a2ede2a4824c2ce449415449a5d93482) Importer(815301076,1909f56bfc062723c751e8b465ee728b)
Start importing Assets/Mod Assets/2D Props/Ancient/MoaiHead.prefab using Guid(a2ede2a4824c2ce449415449a5d93482) Importer(815301076,1909f56bfc062723c751e8b465ee728b)  -> (artifact id: '8681f394fee59feea614fa3e73aa7feb') in 0.039541 seconds 
========================================================================
Received Import Request.
  Time since last request: 0.000253 seconds.
  path: Assets/Mod Assets/2D Props/Ancient/Pyramid.prefab
  artifactKey: Guid(3061db19458bc43408efdd099f39ab08) Importer(815301076,1909f56bfc062723c751e8b465ee728b)
Start importing Assets/Mod Assets/2D Props/Ancient/Pyramid.prefab using Guid(3061db19458bc43408efdd099f39ab08) Importer(815301076,1909f56bfc062723c751e8b465ee728b)  -> (artifact id: 'cccbd60e36351da34152e023910325e9') in 0.043003 seconds 
========================================================================
Received Import Request.
  Time since last request: 0.000352 seconds.
  path: Assets/Mod Assets/2D Props/Ancient/Pillar.prefab
  artifactKey: Guid(ab5640a546e165146a4f6cfefff2c4d6) Importer(815301076,1909f56bfc062723c751e8b465ee728b)
Start importing Assets/Mod Assets/2D Props/Ancient/Pillar.prefab using Guid(ab5640a546e165146a4f6cfefff2c4d6) Importer(815301076,1909f56bfc062723c751e8b465ee728b)  -> (artifact id: '466d8abeb8d415610ca13dd1f2affba4') in 0.031816 seconds 
========================================================================
Received Import Request.
  Time since last request: 0.000306 seconds.
  path: Assets/Mod Assets/2D Props/Ancient/Obelisk.prefab
  artifactKey: Guid(2ab74df90f3902b43bbc93eedcc7fbe4) Importer(815301076,1909f56bfc062723c751e8b465ee728b)
Start importing Assets/Mod Assets/2D Props/Ancient/Obelisk.prefab using Guid(2ab74df90f3902b43bbc93eedcc7fbe4) Importer(815301076,1909f56bfc062723c751e8b465ee728b)  -> (artifact id: 'd61bb2bb3bde07497e124a54ddbb127d') in 0.029114 seconds 
========================================================================
Received Import Request.
  Time since last request: 19.375092 seconds.
  path: Assets/Mod Assets/Mod Resources/Sprites/Props/Mushroom.png
  artifactKey: Guid(a83a04ad3108a6245ae5977ad74af35a) Importer(815301076,1909f56bfc062723c751e8b465ee728b)
Start importing Assets/Mod Assets/Mod Resources/Sprites/Props/Mushroom.png using Guid(a83a04ad3108a6245ae5977ad74af35a) Importer(815301076,1909f56bfc062723c751e8b465ee728b)  -> (artifact id: '01a1a79702704b2c5af67822d134d60f') in 0.058532 seconds 
========================================================================
Received Import Request.
  Time since last request: 0.000277 seconds.
  path: Assets/Mod Assets/Mod Resources/Sprites/Props/Pillar.png
  artifactKey: Guid(d32081989b63bfc458b2c74587383f52) Importer(815301076,1909f56bfc062723c751e8b465ee728b)
Start importing Assets/Mod Assets/Mod Resources/Sprites/Props/Pillar.png using Guid(d32081989b63bfc458b2c74587383f52) Importer(815301076,1909f56bfc062723c751e8b465ee728b)  -> (artifact id: 'f4b4a8d1d85562a512b9de139bdb7251') in 0.018802 seconds 
========================================================================
Received Import Request.
  Time since last request: 0.000305 seconds.
  path: Assets/Mod Assets/Environment Sprites Colored/Magenta/plant_pink.png
  artifactKey: Guid(c4da3236a23a5463785369522f808e90) Importer(815301076,1909f56bfc062723c751e8b465ee728b)
Start importing Assets/Mod Assets/Environment Sprites Colored/Magenta/plant_pink.png using Guid(c4da3236a23a5463785369522f808e90) Importer(815301076,1909f56bfc062723c751e8b465ee728b)  -> (artifact id: '7f21eaec36a10860f02ef6edec3db7a1') in 0.036208 seconds 
========================================================================
Received Import Request.
  Time since last request: 0.000244 seconds.
  path: Assets/Mod Assets/Environment Sprites Colored/Brown/plant_brown.png
  artifactKey: Guid(b4fcf44bc5f874f889c65047797f64b0) Importer(815301076,1909f56bfc062723c751e8b465ee728b)
Start importing Assets/Mod Assets/Environment Sprites Colored/Brown/plant_brown.png using Guid(b4fcf44bc5f874f889c65047797f64b0) Importer(815301076,1909f56bfc062723c751e8b465ee728b)  -> (artifact id: '9fdeccdb249ca0271bf4c3b16fcdaf29') in 0.026543 seconds 
========================================================================
Received Import Request.
  Time since last request: 0.000209 seconds.
  path: Assets/Mod Assets/Environment Sprites Colored/Green/plant_green.png
  artifactKey: Guid(7eb9436df9f6347e3b2d23a03a8f7cf0) Importer(815301076,1909f56bfc062723c751e8b465ee728b)
Start importing Assets/Mod Assets/Environment Sprites Colored/Green/plant_green.png using Guid(7eb9436df9f6347e3b2d23a03a8f7cf0) Importer(815301076,1909f56bfc062723c751e8b465ee728b)  -> (artifact id: 'bde78fe6494ffc14c7119943a7d1d7a2') in 0.033276 seconds 
========================================================================
Received Import Request.
  Time since last request: 0.000237 seconds.
  path: Assets/Mod Assets/Mod Resources/Sprites/Props/Obelisk.png
  artifactKey: Guid(a0e4c89cf616f5343b56ffcaa2f4c74b) Importer(815301076,1909f56bfc062723c751e8b465ee728b)
Start importing Assets/Mod Assets/Mod Resources/Sprites/Props/Obelisk.png using Guid(a0e4c89cf616f5343b56ffcaa2f4c74b) Importer(815301076,1909f56bfc062723c751e8b465ee728b)  -> (artifact id: '03e2a0979e7bfe5a55048d94ee2c234b') in 0.022985 seconds 
========================================================================
Received Import Request.
  Time since last request: 0.000207 seconds.
  path: Assets/Mod Assets/Mod Resources/Sprites/Props/PalmTree.png
  artifactKey: Guid(5bdb2f4b3ff9ecc4bbc9878bb3f10708) Importer(815301076,1909f56bfc062723c751e8b465ee728b)
Start importing Assets/Mod Assets/Mod Resources/Sprites/Props/PalmTree.png using Guid(5bdb2f4b3ff9ecc4bbc9878bb3f10708) Importer(815301076,1909f56bfc062723c751e8b465ee728b)  -> (artifact id: 'b2c01031b13c313f21b66cd9e7f994ef') in 0.022994 seconds 
========================================================================
Received Import Request.
  Time since last request: 17.183516 seconds.
  path: Assets/Mod Assets/Mod Resources/Sprites/Props/Cookie.png
  artifactKey: Guid(12516f4fd32142842a00f2eeb91a05f6) Importer(815301076,1909f56bfc062723c751e8b465ee728b)
Start importing Assets/Mod Assets/Mod Resources/Sprites/Props/Cookie.png using Guid(12516f4fd32142842a00f2eeb91a05f6) Importer(815301076,1909f56bfc062723c751e8b465ee728b)  -> (artifact id: 'f4fac54db8d402dd277924a843327491') in 0.105349 seconds 
========================================================================
Received Import Request.
  Time since last request: 0.000255 seconds.
  path: Assets/Mod Assets/Mod Resources/Sprites/Props/MoaiHead.png
  artifactKey: Guid(eb49df942a88f114aacb70816588becd) Importer(815301076,1909f56bfc062723c751e8b465ee728b)
Start importing Assets/Mod Assets/Mod Resources/Sprites/Props/MoaiHead.png using Guid(eb49df942a88f114aacb70816588becd) Importer(815301076,1909f56bfc062723c751e8b465ee728b)  -> (artifact id: '19e7d4f38a46f36430abe04e452fe212') in 0.017412 seconds 
========================================================================
Received Import Request.
  Time since last request: 0.000206 seconds.
  path: Assets/Mod Assets/Mod Resources/Sprites/Props/FirTree.png
  artifactKey: Guid(2570439c15d6200449de9cfa036c3de4) Importer(815301076,1909f56bfc062723c751e8b465ee728b)
Start importing Assets/Mod Assets/Mod Resources/Sprites/Props/FirTree.png using Guid(2570439c15d6200449de9cfa036c3de4) Importer(815301076,1909f56bfc062723c751e8b465ee728b)  -> (artifact id: 'e8879869fbcf81d533d94aa78bdaf2bd') in 0.015250 seconds 
========================================================================
Received Import Request.
  Time since last request: 0.000300 seconds.
  path: Assets/Mod Assets/Mod Resources/Sprites/Props/Crystal.png
  artifactKey: Guid(4818f33f1596dba42819f243b7be0e43) Importer(815301076,1909f56bfc062723c751e8b465ee728b)
Start importing Assets/Mod Assets/Mod Resources/Sprites/Props/Crystal.png using Guid(4818f33f1596dba42819f243b7be0e43) Importer(815301076,1909f56bfc062723c751e8b465ee728b)  -> (artifact id: 'de38350ea7b01ca4fa858964b27faf59') in 0.032097 seconds 
========================================================================
Received Import Request.
  Time since last request: 0.000206 seconds.
  path: Assets/Mod Assets/Mod Resources/Sprites/Props/TreeStump.png
  artifactKey: Guid(69d5ea843a508084da59cd51bf547463) Importer(815301076,1909f56bfc062723c751e8b465ee728b)
Start importing Assets/Mod Assets/Mod Resources/Sprites/Props/TreeStump.png using Guid(69d5ea843a508084da59cd51bf547463) Importer(815301076,1909f56bfc062723c751e8b465ee728b)  -> (artifact id: '9f133557e231dc20c36e974d88f55472') in 0.014587 seconds 
========================================================================
Received Import Request.
  Time since last request: 0.000239 seconds.
  path: Assets/Mod Assets/Mod Resources/Sprites/Props/Lollipop.png
  artifactKey: Guid(b4a087cba551fd045baf15d78cf0350b) Importer(815301076,1909f56bfc062723c751e8b465ee728b)
Start importing Assets/Mod Assets/Mod Resources/Sprites/Props/Lollipop.png using Guid(b4a087cba551fd045baf15d78cf0350b) Importer(815301076,1909f56bfc062723c751e8b465ee728b)  -> (artifact id: '62d9818e0262eb27f1aba7ec8ae7bdf9') in 0.041134 seconds 
========================================================================
Received Import Request.
  Time since last request: 0.000342 seconds.
  path: Assets/Mod Assets/Mod Resources/Sprites/Props/Rocket.png
  artifactKey: Guid(f4a67fd4900458c42b8dba14da44d6ba) Importer(815301076,1909f56bfc062723c751e8b465ee728b)
Start importing Assets/Mod Assets/Mod Resources/Sprites/Props/Rocket.png using Guid(f4a67fd4900458c42b8dba14da44d6ba) Importer(815301076,1909f56bfc062723c751e8b465ee728b)  -> (artifact id: '7cf0d02cfc4cbd59aa35cbf36b3c1d42') in 0.058445 seconds 
========================================================================
Received Import Request.
  Time since last request: 0.000231 seconds.
  path: Assets/Mod Assets/Mod Resources/Sprites/Props/Satellite.png
  artifactKey: Guid(033e001b85021654cb923fd7991ba18e) Importer(815301076,1909f56bfc062723c751e8b465ee728b)
Start importing Assets/Mod Assets/Mod Resources/Sprites/Props/Satellite.png using Guid(033e001b85021654cb923fd7991ba18e) Importer(815301076,1909f56bfc062723c751e8b465ee728b)  -> (artifact id: '922620c02ab225e2c8af827eb57c0e43') in 0.039943 seconds 
========================================================================
Received Import Request.
  Time since last request: 0.000236 seconds.
  path: Assets/Mod Assets/Mod Resources/Sprites/Props/Licorice.png
  artifactKey: Guid(0440f865f7a6dfc49a38f8369d977f81) Importer(815301076,1909f56bfc062723c751e8b465ee728b)
Start importing Assets/Mod Assets/Mod Resources/Sprites/Props/Licorice.png using Guid(0440f865f7a6dfc49a38f8369d977f81) Importer(815301076,1909f56bfc062723c751e8b465ee728b)  -> (artifact id: '10619c2e6da7f1b740c1aa3703383de8') in 0.030178 seconds 
========================================================================
Received Import Request.
  Time since last request: 0.000295 seconds.
  path: Assets/Mod Assets/Mod Resources/Sprites/Props/Pyramid.png
  artifactKey: Guid(06145968e47768f4bac398802d80ecb7) Importer(815301076,1909f56bfc062723c751e8b465ee728b)
Start importing Assets/Mod Assets/Mod Resources/Sprites/Props/Pyramid.png using Guid(06145968e47768f4bac398802d80ecb7) Importer(815301076,1909f56bfc062723c751e8b465ee728b)  -> (artifact id: '7a87b30a86ba198758d44c8d9fbbb971') in 0.021413 seconds 
========================================================================
Received Import Request.
  Time since last request: 40.078948 seconds.
  path: Assets/Tiles/Pillar.asset
  artifactKey: Guid(d2a670685c15031499259513cf4d4411) Importer(815301076,1909f56bfc062723c751e8b465ee728b)
Start importing Assets/Tiles/Pillar.asset using Guid(d2a670685c15031499259513cf4d4411) Importer(815301076,1909f56bfc062723c751e8b465ee728b)  -> (artifact id: 'f63d8318d97b75ee39eb678a9f2021f4') in 0.019088 seconds 
========================================================================
Received Prepare
Registering precompiled user dll's ...
Registered in 0.005347 seconds.
Begin MonoManager ReloadAssembly
Symbol file LoadedFromMemory doesn't match image D:\hccteaching\Fall 2021\sidescroller\Andres_Suarez_SIdeScrollerProject\2d SideScroller\Library\PackageCache\com.unity.visualscripting@1.6.1\Editor\VisualScripting.Core\Dependencies\YamlDotNet\Unity.VisualScripting.YamlDotNet.dll
Symbol file LoadedFromMemory doesn't match image D:\hccteaching\Fall 2021\sidescroller\Andres_Suarez_SIdeScrollerProject\2d SideScroller\Library\PackageCache\com.unity.visualscripting@1.6.1\Editor\VisualScripting.Core\Dependencies\DotNetZip\Unity.VisualScripting.IonicZip.dll
Native extension for WindowsStandalone target not found
Refreshing native plugins compatible for Editor in 0.96 ms, found 4 plugins.
Preloading 0 native plugins for Editor in 0.00 ms.
Mono: successfully reloaded assembly
- Completed reload, in  1.703 seconds
Domain Reload Profiling:
	ReloadAssembly (1704ms)
		BeginReloadAssembly (149ms)
			ExecutionOrderSort (0ms)
			DisableScriptedObjects (8ms)
			BackupInstance (0ms)
			ReleaseScriptingObjects (0ms)
			CreateAndSetChildDomain (57ms)
		EndReloadAssembly (1493ms)
			LoadAssemblies (104ms)
			RebuildTransferFunctionScriptingTraits (0ms)
			SetupTypeCache (442ms)
			ReleaseScriptCaches (2ms)
			RebuildScriptCaches (71ms)
			SetupLoadedEditorAssemblies (697ms)
				LogAssemblyErrors (0ms)
				InitializePlatformSupportModulesInManaged (6ms)
				SetLoadedEditorAssemblies (0ms)
				RefreshPlugins (1ms)
				BeforeProcessingInitializeOnLoad (86ms)
				ProcessInitializeOnLoadAttributes (590ms)
				ProcessInitializeOnLoadMethodAttributes (11ms)
				AfterProcessingInitializeOnLoad (2ms)
				EditorAssembliesLoaded (0ms)
			ExecutionOrderSort2 (0ms)
			AwakeInstancesAfterBackupRestoration (27ms)
Platform modules already initialized, skipping
Refreshing native plugins compatible for Editor in 0.99 ms, found 4 plugins.
Preloading 0 native plugins for Editor in 0.00 ms.
Unloading 4261 Unused Serialized files (Serialized files now loaded: 0)
System memory in use before: 198.0 MB.
System memory in use after: 198.2 MB.

Unloading 161 unused Assets to reduce memory usage. Loaded Objects now: 5198.
Total: 6.953100 ms (FindLiveObjects: 0.627700 ms CreateObjectMapping: 0.540000 ms MarkObjects: 5.231500 ms  DeleteObjects: 0.552200 ms)

AssetImportParameters requested are different than current active one (requested -> active):
  custom:framework-win-MediaFoundation: 216162199b28c13a410421893ffa2e32 -> 
  custom:video-decoder-ogg-theora: a1e56fd34408186e4bbccfd4996cb3dc -> 
  custom:container-muxer-webm: aa71ff27fc2769a1b78a27578f13a17b -> 
  custom:container-demuxer-webm: 4f35f7cbe854078d1ac9338744f61a02 -> 
  custom:container-demuxer-ogg: 62fdf1f143b41e24485cea50d1cbac27 -> 
  custom:video-encoder-webm-vp8: eb34c28f22e8b96e1ab97ce403110664 -> 
  custom:video-codec-MediaFoundation-h265: 746d11721c4dcdbdad8f713fa42b33f4 -> 
  custom:video-decoder-webm-vp8: 9c59270c3fd7afecdb556c50c9e8de78 -> 
  custom:audio-decoder-ogg-vorbis: bf7c407c2cedff20999df2af8eb42d56 -> 
  custom:audio-encoder-webm-vorbis: bf7c407c2cedff20999df2af8eb42d56 -> 
========================================================================
Received Import Request.
  Time since last request: 381.039001 seconds.
  path: Assets/Mod Assets/Environment Sprites Colored/Teal/TileGroundTop_teal.png
  artifactKey: Guid(82b453f88917d4062a5cda9db3765d14) Importer(815301076,1909f56bfc062723c751e8b465ee728b)
Start importing Assets/Mod Assets/Environment Sprites Colored/Teal/TileGroundTop_teal.png using Guid(82b453f88917d4062a5cda9db3765d14) Importer(815301076,1909f56bfc062723c751e8b465ee728b)  -> (artifact id: '807a9e55c032e3f12c8b1e7e1c0b5efc') in 0.087262 seconds 
========================================================================
Received Import Request.
  Time since last request: 0.000302 seconds.
  path: Assets/Mod Assets/Environment Sprites Colored/Magenta/tree_pink.png
  artifactKey: Guid(d20f0f04b3b19434099ae501e4b0e994) Importer(815301076,1909f56bfc062723c751e8b465ee728b)
Start importing Assets/Mod Assets/Environment Sprites Colored/Magenta/tree_pink.png using Guid(d20f0f04b3b19434099ae501e4b0e994) Importer(815301076,1909f56bfc062723c751e8b465ee728b)  -> (artifact id: 'dc03ae19d320ee99abf0824b32790c89') in 0.036846 seconds 
========================================================================
Received Import Request.
  Time since last request: 0.000220 seconds.
  path: Assets/Mod Assets/Environment Sprites Colored/Gold/TileGroundTop_yellow.png
  artifactKey: Guid(64814a8d749cd4fb096743f22a469411) Importer(815301076,1909f56bfc062723c751e8b465ee728b)
Start importing Assets/Mod Assets/Environment Sprites Colored/Gold/TileGroundTop_yellow.png using Guid(64814a8d749cd4fb096743f22a469411) Importer(815301076,1909f56bfc062723c751e8b465ee728b)  -> (artifact id: '057a4ad6b9ca30352d68a9bd77ce01aa') in 0.020083 seconds 
========================================================================
Received Import Request.
  Time since last request: 0.000310 seconds.
  path: Assets/Mod Assets/Environment Sprites Colored/Green/tree_green.png
  artifactKey: Guid(01c42089badae417987a68a7df009dd6) Importer(815301076,1909f56bfc062723c751e8b465ee728b)
Start importing Assets/Mod Assets/Environment Sprites Colored/Green/tree_green.png using Guid(01c42089badae417987a68a7df009dd6) Importer(815301076,1909f56bfc062723c751e8b465ee728b)  -> (artifact id: '3583bc304d6fc6c39dea1e92f831e0e4') in 0.035387 seconds 
========================================================================
Received Import Request.
  Time since last request: 0.000251 seconds.
  path: Assets/Mod Assets/Environment Sprites Colored/Gold/tree_yellow.png
  artifactKey: Guid(4f84e26e1d9ee4aa4ba25466ad58f920) Importer(815301076,1909f56bfc062723c751e8b465ee728b)
Start importing Assets/Mod Assets/Environment Sprites Colored/Gold/tree_yellow.png using Guid(4f84e26e1d9ee4aa4ba25466ad58f920) Importer(815301076,1909f56bfc062723c751e8b465ee728b)  -> (artifact id: 'da76d4d476ae06b09641c9ba73bf65c1') in 0.038398 seconds 
========================================================================
Received Import Request.
  Time since last request: 0.000279 seconds.
  path: Assets/Mod Assets/Environment Sprites Colored/Brown/tree_brown.png
  artifactKey: Guid(b8f3423654be24cc4b8a96acea0b6937) Importer(815301076,1909f56bfc062723c751e8b465ee728b)
Start importing Assets/Mod Assets/Environment Sprites Colored/Brown/tree_brown.png using Guid(b8f3423654be24cc4b8a96acea0b6937) Importer(815301076,1909f56bfc062723c751e8b465ee728b)  -> (artifact id: '21a6a84cca9c61044bfea8e981938e14') in 0.039416 seconds 
========================================================================
Received Import Request.
  Time since last request: 0.000263 seconds.
  path: Assets/Mod Assets/Environment Sprites Colored/Teal/tree_teal.png
  artifactKey: Guid(47e413d869daf4e09a226c81ce7ff0a4) Importer(815301076,1909f56bfc062723c751e8b465ee728b)
Start importing Assets/Mod Assets/Environment Sprites Colored/Teal/tree_teal.png using Guid(47e413d869daf4e09a226c81ce7ff0a4) Importer(815301076,1909f56bfc062723c751e8b465ee728b)  -> (artifact id: 'e4bb0582f97409d9357a70b1244be6cd') in 0.031660 seconds 
========================================================================
Received Import Request.
  Time since last request: 85.273586 seconds.
  path: Assets/Mod Assets/Environment Sprites Colored/Green/fence_green.png
  artifactKey: Guid(0feaea75575634319bbb7906ba4f6fb2) Importer(815301076,1909f56bfc062723c751e8b465ee728b)
Start importing Assets/Mod Assets/Environment Sprites Colored/Green/fence_green.png using Guid(0feaea75575634319bbb7906ba4f6fb2) Importer(815301076,1909f56bfc062723c751e8b465ee728b)  -> (artifact id: '27387d80c9804a86985fa27c742ed6e4') in 0.043366 seconds 
========================================================================
Received Import Request.
  Time since last request: 0.000264 seconds.
  path: Assets/Mod Assets/Environment Sprites Colored/Green/TileFloatingRightEdge_green.png
  artifactKey: Guid(8ded66bcee16c446b96f2d4c8977c3be) Importer(815301076,1909f56bfc062723c751e8b465ee728b)
Start importing Assets/Mod Assets/Environment Sprites Colored/Green/TileFloatingRightEdge_green.png using Guid(8ded66bcee16c446b96f2d4c8977c3be) Importer(815301076,1909f56bfc062723c751e8b465ee728b)  -> (artifact id: '007ffde8cd84f3f356e9ca2df0a78b7d') in 0.030975 seconds 
========================================================================
Received Import Request.
  Time since last request: 0.000268 seconds.
  path: Assets/Mod Assets/Environment Sprites Colored/Green/midground_green.png
  artifactKey: Guid(1f3f80cd2139042a49e9349f3ecd9d7e) Importer(815301076,1909f56bfc062723c751e8b465ee728b)
Start importing Assets/Mod Assets/Environment Sprites Colored/Green/midground_green.png using Guid(1f3f80cd2139042a49e9349f3ecd9d7e) Importer(815301076,1909f56bfc062723c751e8b465ee728b)  -> (artifact id: '41efc8f66c2bd85a4de86fafa7603cc3') in 0.065888 seconds 
========================================================================
Received Import Request.
  Time since last request: 0.000306 seconds.
  path: Assets/Mod Assets/Environment Sprites Colored/Green/TallBuilding_green.png
  artifactKey: Guid(38c463b600b3e4583a547a101e29a5f8) Importer(815301076,1909f56bfc062723c751e8b465ee728b)
Start importing Assets/Mod Assets/Environment Sprites Colored/Green/TallBuilding_green.png using Guid(38c463b600b3e4583a547a101e29a5f8) Importer(815301076,1909f56bfc062723c751e8b465ee728b)  -> (artifact id: 'a595951d0d547b51d3d501bf486a26da') in 0.040653 seconds 
========================================================================
Received Import Request.
  Time since last request: 0.000283 seconds.
  path: Assets/Mod Assets/Environment Sprites Colored/Green/TileGround_green.png
  artifactKey: Guid(8606c873d5fe940fbbff849911ad1040) Importer(815301076,1909f56bfc062723c751e8b465ee728b)
Start importing Assets/Mod Assets/Environment Sprites Colored/Green/TileGround_green.png using Guid(8606c873d5fe940fbbff849911ad1040) Importer(815301076,1909f56bfc062723c751e8b465ee728b)  -> (artifact id: '65534d3276da45e2c96ad6c3c439f934') in 0.037992 seconds 
========================================================================
Received Import Request.
  Time since last request: 0.000239 seconds.
  path: Assets/Mod Assets/Environment Sprites Colored/Green/TileFloatingLeftEdge_green.png
  artifactKey: Guid(2defc03135a204b0c9b14ed9f6ecb727) Importer(815301076,1909f56bfc062723c751e8b465ee728b)
Start importing Assets/Mod Assets/Environment Sprites Colored/Green/TileFloatingLeftEdge_green.png using Guid(2defc03135a204b0c9b14ed9f6ecb727) Importer(815301076,1909f56bfc062723c751e8b465ee728b)  -> (artifact id: '0fa8f271148cadbc06c9630d068a7df7') in 0.033871 seconds 
========================================================================
Received Import Request.
  Time since last request: 0.000295 seconds.
  path: Assets/Mod Assets/Environment Sprites Colored/Green/house_green.png
  artifactKey: Guid(9691843fa5b754494a1163a8c830ee90) Importer(815301076,1909f56bfc062723c751e8b465ee728b)
Start importing Assets/Mod Assets/Environment Sprites Colored/Green/house_green.png using Guid(9691843fa5b754494a1163a8c830ee90) Importer(815301076,1909f56bfc062723c751e8b465ee728b)  -> (artifact id: '7452d9f8dd8236c93e3878f787eba6ad') in 0.065303 seconds 
========================================================================
Received Import Request.
  Time since last request: 0.000238 seconds.
  path: Assets/Mod Assets/Environment Sprites Colored/Green/TileGroundDark_green.png
  artifactKey: Guid(f52361a01fb9d44369ffc2ea4d4cf021) Importer(815301076,1909f56bfc062723c751e8b465ee728b)
Start importing Assets/Mod Assets/Environment Sprites Colored/Green/TileGroundDark_green.png using Guid(f52361a01fb9d44369ffc2ea4d4cf021) Importer(815301076,1909f56bfc062723c751e8b465ee728b)  -> (artifact id: '4da48ded0b6d481f064d50a94688662c') in 0.031291 seconds 
========================================================================
Received Import Request.
  Time since last request: 0.000256 seconds.
  path: Assets/Mod Assets/Environment Sprites Colored/Green/MidgroundFiller_green.png
  artifactKey: Guid(f80cb9971cddf494bbf0c087eb3af547) Importer(815301076,1909f56bfc062723c751e8b465ee728b)
Start importing Assets/Mod Assets/Environment Sprites Colored/Green/MidgroundFiller_green.png using Guid(f80cb9971cddf494bbf0c087eb3af547) Importer(815301076,1909f56bfc062723c751e8b465ee728b)  -> (artifact id: '97b8088dc0d3d512a832e8ae170d8317') in 0.020913 seconds 
========================================================================
Received Import Request.
  Time since last request: 0.000243 seconds.
  path: Assets/Mod Assets/Environment Sprites Colored/Green/TileFloatingMiddle_green.png
  artifactKey: Guid(db0fa8e4c01154551a282e88763f44b6) Importer(815301076,1909f56bfc062723c751e8b465ee728b)
Start importing Assets/Mod Assets/Environment Sprites Colored/Green/TileFloatingMiddle_green.png using Guid(db0fa8e4c01154551a282e88763f44b6) Importer(815301076,1909f56bfc062723c751e8b465ee728b)  -> (artifact id: '70203e724c5fb7a7d3f1152ca9e376ba') in 0.049842 seconds 
========================================================================
Received Import Request.
  Time since last request: 0.000267 seconds.
  path: Assets/Mod Assets/Environment Sprites Colored/Green/mountains_green.png
  artifactKey: Guid(d0d187e7e72af4f43bde3b1883bb7225) Importer(815301076,1909f56bfc062723c751e8b465ee728b)
Start importing Assets/Mod Assets/Environment Sprites Colored/Green/mountains_green.png using Guid(d0d187e7e72af4f43bde3b1883bb7225) Importer(815301076,1909f56bfc062723c751e8b465ee728b)  -> (artifact id: 'de6e28c94af5054aee67ceee01a66956') in 0.044256 seconds 
========================================================================
Received Import Request.
  Time since last request: 0.000265 seconds.
  path: Assets/Mod Assets/Environment Sprites Colored/Green/TileGroundTop_green.png
  artifactKey: Guid(47b73910b31fb422ca0c0164c2c70dfd) Importer(815301076,1909f56bfc062723c751e8b465ee728b)
Start importing Assets/Mod Assets/Environment Sprites Colored/Green/TileGroundTop_green.png using Guid(47b73910b31fb422ca0c0164c2c70dfd) Importer(815301076,1909f56bfc062723c751e8b465ee728b)  -> (artifact id: '6861c496c011ce49fad9e06c1c5a9b60') in 0.022231 seconds 
========================================================================
Received Import Request.
  Time since last request: 0.000267 seconds.
  path: Assets/Mod Assets/Environment Sprites Colored/Green/ShortBuilding_green.png
  artifactKey: Guid(427dc81beda3140108cf53f168e63838) Importer(815301076,1909f56bfc062723c751e8b465ee728b)
Start importing Assets/Mod Assets/Environment Sprites Colored/Green/ShortBuilding_green.png using Guid(427dc81beda3140108cf53f168e63838) Importer(815301076,1909f56bfc062723c751e8b465ee728b)  -> (artifact id: 'd768eaa3ce870fee2752e7313acad207') in 0.024637 seconds 
========================================================================
Received Import Request.
  Time since last request: 9.424959 seconds.
  path: Assets/Mod Assets/Environment Sprites Colored
  artifactKey: Guid(d6fe0c63cc8a74dd29969df23bd36486) Importer(815301076,1909f56bfc062723c751e8b465ee728b)
Start importing Assets/Mod Assets/Environment Sprites Colored using Guid(d6fe0c63cc8a74dd29969df23bd36486) Importer(815301076,1909f56bfc062723c751e8b465ee728b)  -> (artifact id: '4167be716cd8478832b7c5a20352937d') in 0.008653 seconds 
========================================================================
Received Import Request.
  Time since last request: 1.131945 seconds.
  path: Assets/Mod Assets/Custom Materials
  artifactKey: Guid(008c22e7e1a424b0fa572b4c528bde16) Importer(815301076,1909f56bfc062723c751e8b465ee728b)
Start importing Assets/Mod Assets/Custom Materials using Guid(008c22e7e1a424b0fa572b4c528bde16) Importer(815301076,1909f56bfc062723c751e8b465ee728b)  -> (artifact id: 'd92657528668f894db1d59c3845e69e6') in 0.007542 seconds 
========================================================================
Received Import Request.
  Time since last request: 0.798425 seconds.
  path: Assets/Mod Assets/Custom Materials/Additive Green.mat
  artifactKey: Guid(473f1c6b2d95343ce828c49da96210ca) Importer(815301076,1909f56bfc062723c751e8b465ee728b)
Start importing Assets/Mod Assets/Custom Materials/Additive Green.mat using Guid(473f1c6b2d95343ce828c49da96210ca) Importer(815301076,1909f56bfc062723c751e8b465ee728b)  -> (artifact id: 'cc9653ce8f74dba440589c9d46c29374') in 0.121521 seconds 
========================================================================
Received Import Request.
  Time since last request: 0.000225 seconds.
  path: Assets/Mod Assets/Custom Materials/Additive.mat
  artifactKey: Guid(7284664b1aa4f45f0a118f80f5ec1349) Importer(815301076,1909f56bfc062723c751e8b465ee728b)
Start importing Assets/Mod Assets/Custom Materials/Additive.mat using Guid(7284664b1aa4f45f0a118f80f5ec1349) Importer(815301076,1909f56bfc062723c751e8b465ee728b)  -> (artifact id: '9916089307edb48b9dadaaaba0e5744b') in 0.017314 seconds 
========================================================================
Received Import Request.
  Time since last request: 0.000254 seconds.
  path: Assets/Mod Assets/Custom Materials/Modulate.mat
  artifactKey: Guid(84ea6144bfb124db4931bad91ce2b996) Importer(815301076,1909f56bfc062723c751e8b465ee728b)
Start importing Assets/Mod Assets/Custom Materials/Modulate.mat using Guid(84ea6144bfb124db4931bad91ce2b996) Importer(815301076,1909f56bfc062723c751e8b465ee728b)  -> (artifact id: '71de6d2910342731f45309fa5c7354e0') in 0.091669 seconds 
========================================================================
Received Import Request.
  Time since last request: 0.000257 seconds.
  path: Assets/Mod Assets/Custom Materials/Emissive Red.mat
  artifactKey: Guid(81f12af2d69874700b7e15004bd15886) Importer(815301076,1909f56bfc062723c751e8b465ee728b)
Start importing Assets/Mod Assets/Custom Materials/Emissive Red.mat using Guid(81f12af2d69874700b7e15004bd15886) Importer(815301076,1909f56bfc062723c751e8b465ee728b)  -> (artifact id: '237c60cbafea7c20306fc21a0dd49c76') in 0.024202 seconds 
========================================================================
Received Import Request.
  Time since last request: 0.000198 seconds.
  path: Assets/Mod Assets/Custom Materials/Subtractive.mat
  artifactKey: Guid(2d4335f212752412590d952b4ff9f248) Importer(815301076,1909f56bfc062723c751e8b465ee728b)
Start importing Assets/Mod Assets/Custom Materials/Subtractive.mat using Guid(2d4335f212752412590d952b4ff9f248) Importer(815301076,1909f56bfc062723c751e8b465ee728b)  -> (artifact id: '49ffd38448e8ea9a545d041e90ce3ef0') in 0.028447 seconds 
========================================================================
Received Import Request.
  Time since last request: 0.000252 seconds.
  path: Assets/Mod Assets/Custom Materials/Fade.mat
  artifactKey: Guid(a630977d94cfa41c49a492132e20f623) Importer(815301076,1909f56bfc062723c751e8b465ee728b)
Start importing Assets/Mod Assets/Custom Materials/Fade.mat using Guid(a630977d94cfa41c49a492132e20f623) Importer(815301076,1909f56bfc062723c751e8b465ee728b)  -> (artifact id: '9d28091361d76231ae0c9e3374c9353d') in 0.019600 seconds 
========================================================================
Received Import Request.
  Time since last request: 0.000217 seconds.
  path: Assets/Mod Assets/Custom Materials/Modulate Red.mat
  artifactKey: Guid(a0a0d20d7eab44a68a19ca8d45fa0ee7) Importer(815301076,1909f56bfc062723c751e8b465ee728b)
Start importing Assets/Mod Assets/Custom Materials/Modulate Red.mat using Guid(a0a0d20d7eab44a68a19ca8d45fa0ee7) Importer(815301076,1909f56bfc062723c751e8b465ee728b)  -> (artifact id: 'ac7909cf301670b49d6af43e4075a03c') in 0.016574 seconds 
========================================================================
Received Import Request.
  Time since last request: 0.000240 seconds.
  path: Assets/Mod Assets/Custom Materials/Emissive Green.mat
  artifactKey: Guid(08006af621afc407eb6a5c8e8c83b0bf) Importer(815301076,1909f56bfc062723c751e8b465ee728b)
Start importing Assets/Mod Assets/Custom Materials/Emissive Green.mat using Guid(08006af621afc407eb6a5c8e8c83b0bf) Importer(815301076,1909f56bfc062723c751e8b465ee728b)  -> (artifact id: '27206ec7d4ae89b3116658f3292fbf39') in 0.017282 seconds 
========================================================================
Received Import Request.
  Time since last request: 0.000240 seconds.
  path: Assets/Mod Assets/Custom Materials/Modulate Blue.mat
  artifactKey: Guid(8f5958255662442139e0179a973c42de) Importer(815301076,1909f56bfc062723c751e8b465ee728b)
Start importing Assets/Mod Assets/Custom Materials/Modulate Blue.mat using Guid(8f5958255662442139e0179a973c42de) Importer(815301076,1909f56bfc062723c751e8b465ee728b)  -> (artifact id: '11020eb94b28d0175a50e4439a4a989a') in 0.018200 seconds 
========================================================================
Received Import Request.
  Time since last request: 0.000210 seconds.
  path: Assets/Mod Assets/Custom Materials/Additive Red.mat
  artifactKey: Guid(22aa0ea19af7a4c8a9ca5447c6c7447f) Importer(815301076,1909f56bfc062723c751e8b465ee728b)
Start importing Assets/Mod Assets/Custom Materials/Additive Red.mat using Guid(22aa0ea19af7a4c8a9ca5447c6c7447f) Importer(815301076,1909f56bfc062723c751e8b465ee728b)  -> (artifact id: 'f8dc964679fc280e2a4a6c2623a2f337') in 0.016844 seconds 
========================================================================
Received Import Request.
  Time since last request: 0.000246 seconds.
  path: Assets/Mod Assets/Custom Materials/Modulate Green.mat
  artifactKey: Guid(7e16423d12f4445cc93a21506562dffc) Importer(815301076,1909f56bfc062723c751e8b465ee728b)
Start importing Assets/Mod Assets/Custom Materials/Modulate Green.mat using Guid(7e16423d12f4445cc93a21506562dffc) Importer(815301076,1909f56bfc062723c751e8b465ee728b)  -> (artifact id: '490d861843738b64a21ba28a99276859') in 0.016184 seconds 
========================================================================
Received Import Request.
  Time since last request: 2.533939 seconds.
  path: Assets/Mod Assets/Trail Prefabs
  artifactKey: Guid(877f5970030fe436db797099717fcbaa) Importer(815301076,1909f56bfc062723c751e8b465ee728b)
Start importing Assets/Mod Assets/Trail Prefabs using Guid(877f5970030fe436db797099717fcbaa) Importer(815301076,1909f56bfc062723c751e8b465ee728b)  -> (artifact id: '324abb95d11e3a2ff2c48845f80a3d0e') in 0.007287 seconds 
========================================================================
Received Import Request.
  Time since last request: 0.098169 seconds.
  path: Assets/Mod Assets/Trail Prefabs/LongTrail.prefab
  artifactKey: Guid(92a247bf9ecb64679afb9551e73a24f9) Importer(815301076,1909f56bfc062723c751e8b465ee728b)
Start importing Assets/Mod Assets/Trail Prefabs/LongTrail.prefab using Guid(92a247bf9ecb64679afb9551e73a24f9) Importer(815301076,1909f56bfc062723c751e8b465ee728b)  -> (artifact id: 'fb02d6305a5803608c1130abef508292') in 0.025150 seconds 
========================================================================
Received Import Request.
  Time since last request: 0.000219 seconds.
  path: Assets/Mod Assets/Trail Prefabs/SubtleTrail.prefab
  artifactKey: Guid(66a23a41bc72040c580ec1ae0a348142) Importer(815301076,1909f56bfc062723c751e8b465ee728b)
Start importing Assets/Mod Assets/Trail Prefabs/SubtleTrail.prefab using Guid(66a23a41bc72040c580ec1ae0a348142) Importer(815301076,1909f56bfc062723c751e8b465ee728b)  -> (artifact id: 'ef3c1383beacdff4f358ac957d8d30e1') in 0.023264 seconds 
========================================================================
Received Import Request.
  Time since last request: 0.000261 seconds.
  path: Assets/Mod Assets/Trail Prefabs/RainbowTrail.prefab
  artifactKey: Guid(5c49c1613def9483585c222067115b32) Importer(815301076,1909f56bfc062723c751e8b465ee728b)
Start importing Assets/Mod Assets/Trail Prefabs/RainbowTrail.prefab using Guid(5c49c1613def9483585c222067115b32) Importer(815301076,1909f56bfc062723c751e8b465ee728b)  -> (artifact id: 'c34ad03fb0b90784b68580fb883c8260') in 0.013261 seconds 
========================================================================
Received Import Request.
  Time since last request: 2.539249 seconds.
  path: Assets/Mod Assets/Powerup Prefabs
  artifactKey: Guid(03d08970b9a0a1140adf6d9a99df32b0) Importer(815301076,1909f56bfc062723c751e8b465ee728b)
Start importing Assets/Mod Assets/Powerup Prefabs using Guid(03d08970b9a0a1140adf6d9a99df32b0) Importer(815301076,1909f56bfc062723c751e8b465ee728b)  -> (artifact id: '1a3e4b5b9ec0a4ada42e3cde4c2046f2') in 0.008203 seconds 
========================================================================
Received Import Request.
  Time since last request: 0.055147 seconds.
  path: Assets/Mod Assets/Powerup Prefabs/Speedpad.prefab
  artifactKey: Guid(9f2793e97c0086e4ba601a5e059272ee) Importer(815301076,1909f56bfc062723c751e8b465ee728b)
Start importing Assets/Mod Assets/Powerup Prefabs/Speedpad.prefab using Guid(9f2793e97c0086e4ba601a5e059272ee) Importer(815301076,1909f56bfc062723c751e8b465ee728b)  -> (artifact id: '76dd4ed86e5410033f6839e5609ab0c9') in 0.050015 seconds 
========================================================================
Received Import Request.
  Time since last request: 9.183510 seconds.
  path: Assets/Mod Assets/2D Props/Billboard Prefabs
  artifactKey: Guid(207992b1945014638867d2486792bd71) Importer(815301076,1909f56bfc062723c751e8b465ee728b)
Start importing Assets/Mod Assets/2D Props/Billboard Prefabs using Guid(207992b1945014638867d2486792bd71) Importer(815301076,1909f56bfc062723c751e8b465ee728b)  -> (artifact id: '1c2e99fc741e4c61e726bc6850489b75') in 0.007155 seconds 
========================================================================
Received Import Request.
  Time since last request: 0.635857 seconds.
  path: Assets/Mod Assets/2D Props/Food
  artifactKey: Guid(59635f801fc30e04d8a313334c5bf142) Importer(815301076,1909f56bfc062723c751e8b465ee728b)
Start importing Assets/Mod Assets/2D Props/Food using Guid(59635f801fc30e04d8a313334c5bf142) Importer(815301076,1909f56bfc062723c751e8b465ee728b)  -> (artifact id: 'a2de661c8875fa3f7e22c0aaa3891455') in 0.007234 seconds 
========================================================================
Received Import Request.
  Time since last request: 1.829642 seconds.
  path: Assets/Mod Assets/2D Props/Space
  artifactKey: Guid(ec7a6f8dd2b29c146bbf2cb08758b370) Importer(815301076,1909f56bfc062723c751e8b465ee728b)
Start importing Assets/Mod Assets/2D Props/Space using Guid(ec7a6f8dd2b29c146bbf2cb08758b370) Importer(815301076,1909f56bfc062723c751e8b465ee728b)  -> (artifact id: '2d15896b2a36c57f9bea182f41d965fb') in 0.006984 seconds 
========================================================================
Received Import Request.
  Time since last request: 0.068481 seconds.
  path: Assets/Mod Assets/2D Props/Space/Asteroid.prefab
  artifactKey: Guid(00245def5afe91341a193d5e8b5f87bc) Importer(815301076,1909f56bfc062723c751e8b465ee728b)
Start importing Assets/Mod Assets/2D Props/Space/Asteroid.prefab using Guid(00245def5afe91341a193d5e8b5f87bc) Importer(815301076,1909f56bfc062723c751e8b465ee728b)  -> (artifact id: 'df859949e4ff718f016adc4cabb04545') in 0.052227 seconds 
========================================================================
Received Import Request.
  Time since last request: 0.000280 seconds.
  path: Assets/Mod Assets/2D Props/Space/Satellite.prefab
  artifactKey: Guid(764b7d5924a1d6e4fbcdf4dfddbcdb29) Importer(815301076,1909f56bfc062723c751e8b465ee728b)
Start importing Assets/Mod Assets/2D Props/Space/Satellite.prefab using Guid(764b7d5924a1d6e4fbcdf4dfddbcdb29) Importer(815301076,1909f56bfc062723c751e8b465ee728b)  -> (artifact id: '6df73fa66bd4a49f151b8cf25f206295') in 0.012804 seconds 
========================================================================
Received Import Request.
  Time since last request: 0.000318 seconds.
  path: Assets/Mod Assets/2D Props/Space/Rocket.prefab
  artifactKey: Guid(109d1af4763e51f448968af6bf358b77) Importer(815301076,1909f56bfc062723c751e8b465ee728b)
Start importing Assets/Mod Assets/2D Props/Space/Rocket.prefab using Guid(109d1af4763e51f448968af6bf358b77) Importer(815301076,1909f56bfc062723c751e8b465ee728b)  -> (artifact id: 'c8e3c61398daca6eb6407524a8291fc8') in 0.011890 seconds 
========================================================================
Received Import Request.
  Time since last request: 0.000264 seconds.
  path: Assets/Mod Assets/2D Props/Space/Crystal.prefab
  artifactKey: Guid(2475c644a7bc7774da72a4e443afe9ac) Importer(815301076,1909f56bfc062723c751e8b465ee728b)
Start importing Assets/Mod Assets/2D Props/Space/Crystal.prefab using Guid(2475c644a7bc7774da72a4e443afe9ac) Importer(815301076,1909f56bfc062723c751e8b465ee728b)  -> (artifact id: '50da161af2793791c034eb664e6e0a14') in 0.012421 seconds 
========================================================================
Received Import Request.
  Time since last request: 3.940317 seconds.
  path: Assets/Mod Assets/2D Props/Nature/Particle Prefabs
  artifactKey: Guid(f52c4f9374966304881baa4cc8427257) Importer(815301076,1909f56bfc062723c751e8b465ee728b)
Start importing Assets/Mod Assets/2D Props/Nature/Particle Prefabs using Guid(f52c4f9374966304881baa4cc8427257) Importer(815301076,1909f56bfc062723c751e8b465ee728b)  -> (artifact id: '1d76a4abf09c560ea62cfb5549cbbc1d') in 0.007992 seconds 
========================================================================
Received Import Request.
  Time since last request: 133.086738 seconds.
  path: Assets/Tiles/tree_style1.asset
  artifactKey: Guid(5fb6c9f6883d5864cbf836e0869eb5e0) Importer(815301076,1909f56bfc062723c751e8b465ee728b)
Start importing Assets/Tiles/tree_style1.asset using Guid(5fb6c9f6883d5864cbf836e0869eb5e0) Importer(815301076,1909f56bfc062723c751e8b465ee728b)  -> (artifact id: '509c5dd29165c178a1ab77c83148bc32') in 0.015929 seconds 
========================================================================
Received Import Request.
  Time since last request: 189.276558 seconds.
  path: Assets/Mod Assets/Mod Resources
  artifactKey: Guid(62803ebf84baf4a169640bc0251de8ce) Importer(815301076,1909f56bfc062723c751e8b465ee728b)
Start importing Assets/Mod Assets/Mod Resources using Guid(62803ebf84baf4a169640bc0251de8ce) Importer(815301076,1909f56bfc062723c751e8b465ee728b)  -> (artifact id: 'a08f5337a4f2cadfc8db60f70a1c5cd8') in 0.007575 seconds 
========================================================================
Received Import Request.
  Time since last request: 4.052103 seconds.
  path: Assets/Mod Assets/Mod Resources/Materials
  artifactKey: Guid(60990769186c8d141bf28207f9063dcc) Importer(815301076,1909f56bfc062723c751e8b465ee728b)
Start importing Assets/Mod Assets/Mod Resources/Materials using Guid(60990769186c8d141bf28207f9063dcc) Importer(815301076,1909f56bfc062723c751e8b465ee728b)  -> (artifact id: 'ec4d0b544cb402c5a873e74ce403c275') in 0.006475 seconds 
========================================================================
Received Import Request.
  Time since last request: 0.094028 seconds.
  path: Assets/Mod Assets/Mod Resources/Materials/SpritesHue.mat
  artifactKey: Guid(65adb638edb2db449a5dce43480aeae5) Importer(815301076,1909f56bfc062723c751e8b465ee728b)
Start importing Assets/Mod Assets/Mod Resources/Materials/SpritesHue.mat using Guid(65adb638edb2db449a5dce43480aeae5) Importer(815301076,1909f56bfc062723c751e8b465ee728b)  -> (artifact id: 'fccbb9503bd4afde326fb4a3e162adc7') in 0.014363 seconds 
========================================================================
Received Import Request.
  Time since last request: 20.614544 seconds.
  path: Assets/Mod Assets/Mod Resources/Textures
  artifactKey: Guid(a3cb686866570443baf58ca75fe7ba61) Importer(815301076,1909f56bfc062723c751e8b465ee728b)
Start importing Assets/Mod Assets/Mod Resources/Textures using Guid(a3cb686866570443baf58ca75fe7ba61) Importer(815301076,1909f56bfc062723c751e8b465ee728b)  -> (artifact id: 'b51fb8bf6283303306cd25ed1165de35') in 0.008140 seconds 
========================================================================
Received Import Request.
  Time since last request: 0.095119 seconds.
  path: Assets/Mod Assets/Mod Resources/Textures/rainbowtexture.png
  artifactKey: Guid(1b6d33a625dab47a48c2b062e2ce39bc) Importer(815301076,1909f56bfc062723c751e8b465ee728b)
Start importing Assets/Mod Assets/Mod Resources/Textures/rainbowtexture.png using Guid(1b6d33a625dab47a48c2b062e2ce39bc) Importer(815301076,1909f56bfc062723c751e8b465ee728b)  -> (artifact id: 'e9900092dd783622cbe797d7c70394ad') in 0.032332 seconds 
========================================================================
Received Import Request.
  Time since last request: 2.593124 seconds.
  path: Assets/Mod Assets/Mod Resources/Sprites
  artifactKey: Guid(673937af0848f427b93f5afead15855e) Importer(815301076,1909f56bfc062723c751e8b465ee728b)
Start importing Assets/Mod Assets/Mod Resources/Sprites using Guid(673937af0848f427b93f5afead15855e) Importer(815301076,1909f56bfc062723c751e8b465ee728b)  -> (artifact id: '480584c05d61ba12cfe73ff871b66e5d') in 0.006967 seconds 
========================================================================
Received Import Request.
  Time since last request: 0.079269 seconds.
  path: Assets/Mod Assets/Mod Resources/Sprites/SpeedLines.png
  artifactKey: Guid(a084f661e1385254884ae73e031fc28f) Importer(815301076,1909f56bfc062723c751e8b465ee728b)
Start importing Assets/Mod Assets/Mod Resources/Sprites/SpeedLines.png using Guid(a084f661e1385254884ae73e031fc28f) Importer(815301076,1909f56bfc062723c751e8b465ee728b)  -> (artifact id: '9c3a4d996fc41ac81649a48060a4ba15') in 0.016393 seconds 
========================================================================
Received Import Request.
  Time since last request: 7.375728 seconds.
  path: Assets/Mod Assets/Bounce Effect Prefabs
  artifactKey: Guid(279c51af88c384e23b053fae30112b4c) Importer(815301076,1909f56bfc062723c751e8b465ee728b)
Start importing Assets/Mod Assets/Bounce Effect Prefabs using Guid(279c51af88c384e23b053fae30112b4c) Importer(815301076,1909f56bfc062723c751e8b465ee728b)  -> (artifact id: '8a3368a3b62dcaf3b2da024c13d95275') in 0.007285 seconds 
AssetImportWorkerClient::OnTransportError - code=2 error=End of file
